<?xml version="1.0" encoding="UTF-8"?>
<!-- Generated by org.testng.reporters.JUnitReportReporter -->
<testsuite skipped="0" hostname="DESKTOP-01THEB1" name="com.craftsvilla.testscripts.LinenSareesScripts" tests="1" failures="0" timestamp="21 Oct 2019 02:07:14 GMT" time="16.220" errors="0">
  <testcase name="tc_01_buyAProduct" time="16.220" classname="com.craftsvilla.testscripts.LinenSareesScripts"/>
</testsuite> <!-- com.craftsvilla.testscripts.LinenSareesScripts -->
