<?xml version="1.0" encoding="UTF-8"?>
<!-- Generated by org.testng.reporters.JUnitReportReporter -->
<testsuite skipped="0" hostname="DESKTOP-01THEB1" name="com.craftsvilla.testscripts.LogInScripts" tests="1" failures="0" timestamp="21 Oct 2019 02:33:40 GMT" time="37.186" errors="0">
  <testcase name="tc_01_logInToApp" time="37.186" classname="com.craftsvilla.testscripts.LogInScripts"/>
</testsuite> <!-- com.craftsvilla.testscripts.LogInScripts -->
