<?xml version="1.0" encoding="UTF-8"?>
<!-- Generated by org.testng.reporters.JUnitReportReporter -->
<testsuite skipped="0" hostname="DESKTOP-45P36GI" name="com.craftsvilla.testscripts.LogInScripts" tests="1" failures="0" timestamp="21 Oct 2019 19:21:25 GMT" time="14.882" errors="0">
  <testcase name="tc_01_logInToApp" time="14.882" classname="com.craftsvilla.testscripts.LogInScripts"/>
</testsuite> <!-- com.craftsvilla.testscripts.LogInScripts -->
